****************************************************
*                                                  *
*                     CRD_CONVERT                  *
*                                                  *
*           Converter of trajectory files          *
*                                                  *
*              Developed by RIKEN                  *
*                                                  *
****************************************************
 
[STEP1] Read Control Parameters for Convert
 
Read_Ctrl_Input> Input Files
  psffile         = ../../1_setup/5_ionize/ionized.psf
  reffile         = ../../1_setup/5_ionize/ionized.pdb
 
Read_Ctrl_Output> Output Files
  pdbfile         = output.pdb
  trjfile         = output.dcd
 
Read_Ctrl_Trajectory> Parameters of Trajectory
  # of trj files  =          5
    trajectory file 1 = ../../4_production/md1.dcd
         md steps :      40000
     mdout period :        200
       ana period :        200
     start step   :          1
    trajectory file 2 = ../../4_production/md2.dcd
         md steps :      40000
     mdout period :        200
       ana period :        200
     start step   :          1
    trajectory file 3 = ../../4_production/md3.dcd
         md steps :      40000
     mdout period :        200
       ana period :        200
     start step   :          1
    trajectory file 4 = ../../4_production/md4.dcd
         md steps :      40000
     mdout period :        200
       ana period :        200
     start step   :          1
    trajectory file 5 = ../../4_production/md5.dcd
         md steps :      40000
     mdout period :        200
       ana period :        200
     start step   :          1
  trj format      = DCD       
  trj type        =   COOR+BOX
 
Read_Ctrl_Selection> Parameters of Selection
  # of groups     =          2
    group 1 = an:CA
    group 2 = sid:PROA
  # of mole names =          0
 
Read_Ctrl_Fitting> Parameters of Fitting
  fitting method  =  TR+ROT   
  fitting atom    = group1
  z-rot # of grid =         10
  z-rot grid size =      1.000
  mass_weight     =         no
 
Read_Ctrl_Option> Parameters of Options
  check only      = no
  allow backup    = no
  trjout format   = DCD       
  trjout type     =   COOR+BOX
  trjout atom     = group2
  centering       = no
  split_trjpdb    = no
  pbc correction  =   NO      
  # of rename res =          0
 
[STEP2] Set Relevant Variables and Structures
 
Read_Psf> Summary of Psffile
  psftype         =      xplor
  num_atoms       =      24552  num_bonds       =      16628
  num_angles      =       9438  num_dihedrals   =       2269
  num_impropers   =        141  num_cmap_terms  =         54
  num_HB_donors   =          0  num_HB_acceptors=          0
  num_NB_exclusion=          0  num_groups      =          1
  total_charge    =      0.000
 
Read_Pdb> Summary of Data in PDB file
  num_atoms       =      24552
 
Define_Molecule> Summary of molecules
  num_atoms       =      24552  num_bonds       =      16628
  num_angles      =       9438  num_dihedrals   =       2269
  num_impropers   =        141  num_cmap_terms  =         54
  num_residues    =       7986  num_molecules   =       7931
  num_segments    =          3  num_deg_freedom =      73656
  total_charge    =      0.000
 
Setup_Fitting> fitting atom count:       56
 
Setup_Option> trj-out atom count:      858
 
[STEP3] Convert trajectory files
 
       number of structures =  1
       number of structures =  2
       number of structures =  3
       number of structures =  4
       number of structures =  5
       number of structures =  6
       number of structures =  7
       number of structures =  8
       number of structures =  9
       number of structures =  10
       number of structures =  11
       number of structures =  12
       number of structures =  13
       number of structures =  14
       number of structures =  15
       number of structures =  16
       number of structures =  17
       number of structures =  18
       number of structures =  19
       number of structures =  20
       number of structures =  21
       number of structures =  22
       number of structures =  23
       number of structures =  24
       number of structures =  25
       number of structures =  26
       number of structures =  27
       number of structures =  28
       number of structures =  29
       number of structures =  30
       number of structures =  31
       number of structures =  32
       number of structures =  33
       number of structures =  34
       number of structures =  35
       number of structures =  36
       number of structures =  37
       number of structures =  38
       number of structures =  39
       number of structures =  40
       number of structures =  41
       number of structures =  42
       number of structures =  43
       number of structures =  44
       number of structures =  45
       number of structures =  46
       number of structures =  47
       number of structures =  48
       number of structures =  49
       number of structures =  50
       number of structures =  51
       number of structures =  52
       number of structures =  53
       number of structures =  54
       number of structures =  55
       number of structures =  56
       number of structures =  57
       number of structures =  58
       number of structures =  59
       number of structures =  60
       number of structures =  61
       number of structures =  62
       number of structures =  63
       number of structures =  64
       number of structures =  65
       number of structures =  66
       number of structures =  67
       number of structures =  68
       number of structures =  69
       number of structures =  70
       number of structures =  71
       number of structures =  72
       number of structures =  73
       number of structures =  74
       number of structures =  75
       number of structures =  76
       number of structures =  77
       number of structures =  78
       number of structures =  79
       number of structures =  80
       number of structures =  81
       number of structures =  82
       number of structures =  83
       number of structures =  84
       number of structures =  85
       number of structures =  86
       number of structures =  87
       number of structures =  88
       number of structures =  89
       number of structures =  90
       number of structures =  91
       number of structures =  92
       number of structures =  93
       number of structures =  94
       number of structures =  95
       number of structures =  96
       number of structures =  97
       number of structures =  98
       number of structures =  99
       number of structures =  100
       number of structures =  101
       number of structures =  102
       number of structures =  103
       number of structures =  104
       number of structures =  105
       number of structures =  106
       number of structures =  107
       number of structures =  108
       number of structures =  109
       number of structures =  110
       number of structures =  111
       number of structures =  112
       number of structures =  113
       number of structures =  114
       number of structures =  115
       number of structures =  116
       number of structures =  117
       number of structures =  118
       number of structures =  119
       number of structures =  120
       number of structures =  121
       number of structures =  122
       number of structures =  123
       number of structures =  124
       number of structures =  125
       number of structures =  126
       number of structures =  127
       number of structures =  128
       number of structures =  129
       number of structures =  130
       number of structures =  131
       number of structures =  132
       number of structures =  133
       number of structures =  134
       number of structures =  135
       number of structures =  136
       number of structures =  137
       number of structures =  138
       number of structures =  139
       number of structures =  140
       number of structures =  141
       number of structures =  142
       number of structures =  143
       number of structures =  144
       number of structures =  145
       number of structures =  146
       number of structures =  147
       number of structures =  148
       number of structures =  149
       number of structures =  150
       number of structures =  151
       number of structures =  152
       number of structures =  153
       number of structures =  154
       number of structures =  155
       number of structures =  156
       number of structures =  157
       number of structures =  158
       number of structures =  159
       number of structures =  160
       number of structures =  161
       number of structures =  162
       number of structures =  163
       number of structures =  164
       number of structures =  165
       number of structures =  166
       number of structures =  167
       number of structures =  168
       number of structures =  169
       number of structures =  170
       number of structures =  171
       number of structures =  172
       number of structures =  173
       number of structures =  174
       number of structures =  175
       number of structures =  176
       number of structures =  177
       number of structures =  178
       number of structures =  179
       number of structures =  180
       number of structures =  181
       number of structures =  182
       number of structures =  183
       number of structures =  184
       number of structures =  185
       number of structures =  186
       number of structures =  187
       number of structures =  188
       number of structures =  189
       number of structures =  190
       number of structures =  191
       number of structures =  192
       number of structures =  193
       number of structures =  194
       number of structures =  195
       number of structures =  196
       number of structures =  197
       number of structures =  198
       number of structures =  199
       number of structures =  200
       number of structures =  201
       number of structures =  202
       number of structures =  203
       number of structures =  204
       number of structures =  205
       number of structures =  206
       number of structures =  207
       number of structures =  208
       number of structures =  209
       number of structures =  210
       number of structures =  211
       number of structures =  212
       number of structures =  213
       number of structures =  214
       number of structures =  215
       number of structures =  216
       number of structures =  217
       number of structures =  218
       number of structures =  219
       number of structures =  220
       number of structures =  221
       number of structures =  222
       number of structures =  223
       number of structures =  224
       number of structures =  225
       number of structures =  226
       number of structures =  227
       number of structures =  228
       number of structures =  229
       number of structures =  230
       number of structures =  231
       number of structures =  232
       number of structures =  233
       number of structures =  234
       number of structures =  235
       number of structures =  236
       number of structures =  237
       number of structures =  238
       number of structures =  239
       number of structures =  240
       number of structures =  241
       number of structures =  242
       number of structures =  243
       number of structures =  244
       number of structures =  245
       number of structures =  246
       number of structures =  247
       number of structures =  248
       number of structures =  249
       number of structures =  250
       number of structures =  251
       number of structures =  252
       number of structures =  253
       number of structures =  254
       number of structures =  255
       number of structures =  256
       number of structures =  257
       number of structures =  258
       number of structures =  259
       number of structures =  260
       number of structures =  261
       number of structures =  262
       number of structures =  263
       number of structures =  264
       number of structures =  265
       number of structures =  266
       number of structures =  267
       number of structures =  268
       number of structures =  269
       number of structures =  270
       number of structures =  271
       number of structures =  272
       number of structures =  273
       number of structures =  274
       number of structures =  275
       number of structures =  276
       number of structures =  277
       number of structures =  278
       number of structures =  279
       number of structures =  280
       number of structures =  281
       number of structures =  282
       number of structures =  283
       number of structures =  284
       number of structures =  285
       number of structures =  286
       number of structures =  287
       number of structures =  288
       number of structures =  289
       number of structures =  290
       number of structures =  291
       number of structures =  292
       number of structures =  293
       number of structures =  294
       number of structures =  295
       number of structures =  296
       number of structures =  297
       number of structures =  298
       number of structures =  299
       number of structures =  300
       number of structures =  301
       number of structures =  302
       number of structures =  303
       number of structures =  304
       number of structures =  305
       number of structures =  306
       number of structures =  307
       number of structures =  308
       number of structures =  309
       number of structures =  310
       number of structures =  311
       number of structures =  312
       number of structures =  313
       number of structures =  314
       number of structures =  315
       number of structures =  316
       number of structures =  317
       number of structures =  318
       number of structures =  319
       number of structures =  320
       number of structures =  321
       number of structures =  322
       number of structures =  323
       number of structures =  324
       number of structures =  325
       number of structures =  326
       number of structures =  327
       number of structures =  328
       number of structures =  329
       number of structures =  330
       number of structures =  331
       number of structures =  332
       number of structures =  333
       number of structures =  334
       number of structures =  335
       number of structures =  336
       number of structures =  337
       number of structures =  338
       number of structures =  339
       number of structures =  340
       number of structures =  341
       number of structures =  342
       number of structures =  343
       number of structures =  344
       number of structures =  345
       number of structures =  346
       number of structures =  347
       number of structures =  348
       number of structures =  349
       number of structures =  350
       number of structures =  351
       number of structures =  352
       number of structures =  353
       number of structures =  354
       number of structures =  355
       number of structures =  356
       number of structures =  357
       number of structures =  358
       number of structures =  359
       number of structures =  360
       number of structures =  361
       number of structures =  362
       number of structures =  363
       number of structures =  364
       number of structures =  365
       number of structures =  366
       number of structures =  367
       number of structures =  368
       number of structures =  369
       number of structures =  370
       number of structures =  371
       number of structures =  372
       number of structures =  373
       number of structures =  374
       number of structures =  375
       number of structures =  376
       number of structures =  377
       number of structures =  378
       number of structures =  379
       number of structures =  380
       number of structures =  381
       number of structures =  382
       number of structures =  383
       number of structures =  384
       number of structures =  385
       number of structures =  386
       number of structures =  387
       number of structures =  388
       number of structures =  389
       number of structures =  390
       number of structures =  391
       number of structures =  392
       number of structures =  393
       number of structures =  394
       number of structures =  395
       number of structures =  396
       number of structures =  397
       number of structures =  398
       number of structures =  399
       number of structures =  400
       number of structures =  401
       number of structures =  402
       number of structures =  403
       number of structures =  404
       number of structures =  405
       number of structures =  406
       number of structures =  407
       number of structures =  408
       number of structures =  409
       number of structures =  410
       number of structures =  411
       number of structures =  412
       number of structures =  413
       number of structures =  414
       number of structures =  415
       number of structures =  416
       number of structures =  417
       number of structures =  418
       number of structures =  419
       number of structures =  420
       number of structures =  421
       number of structures =  422
       number of structures =  423
       number of structures =  424
       number of structures =  425
       number of structures =  426
       number of structures =  427
       number of structures =  428
       number of structures =  429
       number of structures =  430
       number of structures =  431
       number of structures =  432
       number of structures =  433
       number of structures =  434
       number of structures =  435
       number of structures =  436
       number of structures =  437
       number of structures =  438
       number of structures =  439
       number of structures =  440
       number of structures =  441
       number of structures =  442
       number of structures =  443
       number of structures =  444
       number of structures =  445
       number of structures =  446
       number of structures =  447
       number of structures =  448
       number of structures =  449
       number of structures =  450
       number of structures =  451
       number of structures =  452
       number of structures =  453
       number of structures =  454
       number of structures =  455
       number of structures =  456
       number of structures =  457
       number of structures =  458
       number of structures =  459
       number of structures =  460
       number of structures =  461
       number of structures =  462
       number of structures =  463
       number of structures =  464
       number of structures =  465
       number of structures =  466
       number of structures =  467
       number of structures =  468
       number of structures =  469
       number of structures =  470
       number of structures =  471
       number of structures =  472
       number of structures =  473
       number of structures =  474
       number of structures =  475
       number of structures =  476
       number of structures =  477
       number of structures =  478
       number of structures =  479
       number of structures =  480
       number of structures =  481
       number of structures =  482
       number of structures =  483
       number of structures =  484
       number of structures =  485
       number of structures =  486
       number of structures =  487
       number of structures =  488
       number of structures =  489
       number of structures =  490
       number of structures =  491
       number of structures =  492
       number of structures =  493
       number of structures =  494
       number of structures =  495
       number of structures =  496
       number of structures =  497
       number of structures =  498
       number of structures =  499
       number of structures =  500
       number of structures =  501
       number of structures =  502
       number of structures =  503
       number of structures =  504
       number of structures =  505
       number of structures =  506
       number of structures =  507
       number of structures =  508
       number of structures =  509
       number of structures =  510
       number of structures =  511
       number of structures =  512
       number of structures =  513
       number of structures =  514
       number of structures =  515
       number of structures =  516
       number of structures =  517
       number of structures =  518
       number of structures =  519
       number of structures =  520
       number of structures =  521
       number of structures =  522
       number of structures =  523
       number of structures =  524
       number of structures =  525
       number of structures =  526
       number of structures =  527
       number of structures =  528
       number of structures =  529
       number of structures =  530
       number of structures =  531
       number of structures =  532
       number of structures =  533
       number of structures =  534
       number of structures =  535
       number of structures =  536
       number of structures =  537
       number of structures =  538
       number of structures =  539
       number of structures =  540
       number of structures =  541
       number of structures =  542
       number of structures =  543
       number of structures =  544
       number of structures =  545
       number of structures =  546
       number of structures =  547
       number of structures =  548
       number of structures =  549
       number of structures =  550
       number of structures =  551
       number of structures =  552
       number of structures =  553
       number of structures =  554
       number of structures =  555
       number of structures =  556
       number of structures =  557
       number of structures =  558
       number of structures =  559
       number of structures =  560
       number of structures =  561
       number of structures =  562
       number of structures =  563
       number of structures =  564
       number of structures =  565
       number of structures =  566
       number of structures =  567
       number of structures =  568
       number of structures =  569
       number of structures =  570
       number of structures =  571
       number of structures =  572
       number of structures =  573
       number of structures =  574
       number of structures =  575
       number of structures =  576
       number of structures =  577
       number of structures =  578
       number of structures =  579
       number of structures =  580
       number of structures =  581
       number of structures =  582
       number of structures =  583
       number of structures =  584
       number of structures =  585
       number of structures =  586
       number of structures =  587
       number of structures =  588
       number of structures =  589
       number of structures =  590
       number of structures =  591
       number of structures =  592
       number of structures =  593
       number of structures =  594
       number of structures =  595
       number of structures =  596
       number of structures =  597
       number of structures =  598
       number of structures =  599
       number of structures =  600
       number of structures =  601
       number of structures =  602
       number of structures =  603
       number of structures =  604
       number of structures =  605
       number of structures =  606
       number of structures =  607
       number of structures =  608
       number of structures =  609
       number of structures =  610
       number of structures =  611
       number of structures =  612
       number of structures =  613
       number of structures =  614
       number of structures =  615
       number of structures =  616
       number of structures =  617
       number of structures =  618
       number of structures =  619
       number of structures =  620
       number of structures =  621
       number of structures =  622
       number of structures =  623
       number of structures =  624
       number of structures =  625
       number of structures =  626
       number of structures =  627
       number of structures =  628
       number of structures =  629
       number of structures =  630
       number of structures =  631
       number of structures =  632
       number of structures =  633
       number of structures =  634
       number of structures =  635
       number of structures =  636
       number of structures =  637
       number of structures =  638
       number of structures =  639
       number of structures =  640
       number of structures =  641
       number of structures =  642
       number of structures =  643
       number of structures =  644
       number of structures =  645
       number of structures =  646
       number of structures =  647
       number of structures =  648
       number of structures =  649
       number of structures =  650
       number of structures =  651
       number of structures =  652
       number of structures =  653
       number of structures =  654
       number of structures =  655
       number of structures =  656
       number of structures =  657
       number of structures =  658
       number of structures =  659
       number of structures =  660
       number of structures =  661
       number of structures =  662
       number of structures =  663
       number of structures =  664
       number of structures =  665
       number of structures =  666
       number of structures =  667
       number of structures =  668
       number of structures =  669
       number of structures =  670
       number of structures =  671
       number of structures =  672
       number of structures =  673
       number of structures =  674
       number of structures =  675
       number of structures =  676
       number of structures =  677
       number of structures =  678
       number of structures =  679
       number of structures =  680
       number of structures =  681
       number of structures =  682
       number of structures =  683
       number of structures =  684
       number of structures =  685
       number of structures =  686
       number of structures =  687
       number of structures =  688
       number of structures =  689
       number of structures =  690
       number of structures =  691
       number of structures =  692
       number of structures =  693
       number of structures =  694
       number of structures =  695
       number of structures =  696
       number of structures =  697
       number of structures =  698
       number of structures =  699
       number of structures =  700
       number of structures =  701
       number of structures =  702
       number of structures =  703
       number of structures =  704
       number of structures =  705
       number of structures =  706
       number of structures =  707
       number of structures =  708
       number of structures =  709
       number of structures =  710
       number of structures =  711
       number of structures =  712
       number of structures =  713
       number of structures =  714
       number of structures =  715
       number of structures =  716
       number of structures =  717
       number of structures =  718
       number of structures =  719
       number of structures =  720
       number of structures =  721
       number of structures =  722
       number of structures =  723
       number of structures =  724
       number of structures =  725
       number of structures =  726
       number of structures =  727
       number of structures =  728
       number of structures =  729
       number of structures =  730
       number of structures =  731
       number of structures =  732
       number of structures =  733
       number of structures =  734
       number of structures =  735
       number of structures =  736
       number of structures =  737
       number of structures =  738
       number of structures =  739
       number of structures =  740
       number of structures =  741
       number of structures =  742
       number of structures =  743
       number of structures =  744
       number of structures =  745
       number of structures =  746
       number of structures =  747
       number of structures =  748
       number of structures =  749
       number of structures =  750
       number of structures =  751
       number of structures =  752
       number of structures =  753
       number of structures =  754
       number of structures =  755
       number of structures =  756
       number of structures =  757
       number of structures =  758
       number of structures =  759
       number of structures =  760
       number of structures =  761
       number of structures =  762
       number of structures =  763
       number of structures =  764
       number of structures =  765
       number of structures =  766
       number of structures =  767
       number of structures =  768
       number of structures =  769
       number of structures =  770
       number of structures =  771
       number of structures =  772
       number of structures =  773
       number of structures =  774
       number of structures =  775
       number of structures =  776
       number of structures =  777
       number of structures =  778
       number of structures =  779
       number of structures =  780
       number of structures =  781
       number of structures =  782
       number of structures =  783
       number of structures =  784
       number of structures =  785
       number of structures =  786
       number of structures =  787
       number of structures =  788
       number of structures =  789
       number of structures =  790
       number of structures =  791
       number of structures =  792
       number of structures =  793
       number of structures =  794
       number of structures =  795
       number of structures =  796
       number of structures =  797
       number of structures =  798
       number of structures =  799
       number of structures =  800
       number of structures =  801
       number of structures =  802
       number of structures =  803
       number of structures =  804
       number of structures =  805
       number of structures =  806
       number of structures =  807
       number of structures =  808
       number of structures =  809
       number of structures =  810
       number of structures =  811
       number of structures =  812
       number of structures =  813
       number of structures =  814
       number of structures =  815
       number of structures =  816
       number of structures =  817
       number of structures =  818
       number of structures =  819
       number of structures =  820
       number of structures =  821
       number of structures =  822
       number of structures =  823
       number of structures =  824
       number of structures =  825
       number of structures =  826
       number of structures =  827
       number of structures =  828
       number of structures =  829
       number of structures =  830
       number of structures =  831
       number of structures =  832
       number of structures =  833
       number of structures =  834
       number of structures =  835
       number of structures =  836
       number of structures =  837
       number of structures =  838
       number of structures =  839
       number of structures =  840
       number of structures =  841
       number of structures =  842
       number of structures =  843
       number of structures =  844
       number of structures =  845
       number of structures =  846
       number of structures =  847
       number of structures =  848
       number of structures =  849
       number of structures =  850
       number of structures =  851
       number of structures =  852
       number of structures =  853
       number of structures =  854
       number of structures =  855
       number of structures =  856
       number of structures =  857
       number of structures =  858
       number of structures =  859
       number of structures =  860
       number of structures =  861
       number of structures =  862
       number of structures =  863
       number of structures =  864
       number of structures =  865
       number of structures =  866
       number of structures =  867
       number of structures =  868
       number of structures =  869
       number of structures =  870
       number of structures =  871
       number of structures =  872
       number of structures =  873
       number of structures =  874
       number of structures =  875
       number of structures =  876
       number of structures =  877
       number of structures =  878
       number of structures =  879
       number of structures =  880
       number of structures =  881
       number of structures =  882
       number of structures =  883
       number of structures =  884
       number of structures =  885
       number of structures =  886
       number of structures =  887
       number of structures =  888
       number of structures =  889
       number of structures =  890
       number of structures =  891
       number of structures =  892
       number of structures =  893
       number of structures =  894
       number of structures =  895
       number of structures =  896
       number of structures =  897
       number of structures =  898
       number of structures =  899
       number of structures =  900
       number of structures =  901
       number of structures =  902
       number of structures =  903
       number of structures =  904
       number of structures =  905
       number of structures =  906
       number of structures =  907
       number of structures =  908
       number of structures =  909
       number of structures =  910
       number of structures =  911
       number of structures =  912
       number of structures =  913
       number of structures =  914
       number of structures =  915
       number of structures =  916
       number of structures =  917
       number of structures =  918
       number of structures =  919
       number of structures =  920
       number of structures =  921
       number of structures =  922
       number of structures =  923
       number of structures =  924
       number of structures =  925
       number of structures =  926
       number of structures =  927
       number of structures =  928
       number of structures =  929
       number of structures =  930
       number of structures =  931
       number of structures =  932
       number of structures =  933
       number of structures =  934
       number of structures =  935
       number of structures =  936
       number of structures =  937
       number of structures =  938
       number of structures =  939
       number of structures =  940
       number of structures =  941
       number of structures =  942
       number of structures =  943
       number of structures =  944
       number of structures =  945
       number of structures =  946
       number of structures =  947
       number of structures =  948
       number of structures =  949
       number of structures =  950
       number of structures =  951
       number of structures =  952
       number of structures =  953
       number of structures =  954
       number of structures =  955
       number of structures =  956
       number of structures =  957
       number of structures =  958
       number of structures =  959
       number of structures =  960
       number of structures =  961
       number of structures =  962
       number of structures =  963
       number of structures =  964
       number of structures =  965
       number of structures =  966
       number of structures =  967
       number of structures =  968
       number of structures =  969
       number of structures =  970
       number of structures =  971
       number of structures =  972
       number of structures =  973
       number of structures =  974
       number of structures =  975
       number of structures =  976
       number of structures =  977
       number of structures =  978
       number of structures =  979
       number of structures =  980
       number of structures =  981
       number of structures =  982
       number of structures =  983
       number of structures =  984
       number of structures =  985
       number of structures =  986
       number of structures =  987
       number of structures =  988
       number of structures =  989
       number of structures =  990
       number of structures =  991
       number of structures =  992
       number of structures =  993
       number of structures =  994
       number of structures =  995
       number of structures =  996
       number of structures =  997
       number of structures =  998
       number of structures =  999
       number of structures =  1000
[STEP4] Deallocate memory
 
