****************************************************
*                                                  *
*                     CRD_CONVERT                  *
*                                                  *
*           Converter of trajectory files          *
*                                                  *
*              Developed by RIKEN                  *
*                                                  *
****************************************************
 
[STEP1] Read Control Parameters for Convert
 
Read_Ctrl_Input> Input Files
  psffile         = ../../1_setup/5_ionize/ionized.psf
  reffile         = ../../1_setup/5_ionize/ionized.pdb
 
Read_Ctrl_Output> Output Files
  pdbfile         = output.pdb
  trjfile         = output.dcd
 
Read_Ctrl_Trajectory> Parameters of Trajectory
  # of trj files  =          5
    trajectory file 1 = ../../4_production/md1.dcd
         md steps :      40000
     mdout period :        200
       ana period :        800
     start step   :          1
    trajectory file 2 = ../../4_production/md2.dcd
         md steps :      40000
     mdout period :        200
       ana period :        800
     start step   :          1
    trajectory file 3 = ../../4_production/md3.dcd
         md steps :      40000
     mdout period :        200
       ana period :        800
     start step   :          1
    trajectory file 4 = ../../4_production/md4.dcd
         md steps :      40000
     mdout period :        200
       ana period :        800
     start step   :          1
    trajectory file 5 = ../../4_production/md5.dcd
         md steps :      40000
     mdout period :        200
       ana period :        800
     start step   :          1
  trj format      = DCD       
  trj type        =   COOR+BOX
 
Read_Ctrl_Selection> Parameters of Selection
  # of groups     =          2
    group 1 = an:CA
    group 2 = all
  # of mole names =          0
 
Read_Ctrl_Fitting> Parameters of Fitting
  fitting method  =  NO       
  fitting atom    = group1
  z-rot # of grid =         10
  z-rot grid size =      1.000
  mass_weight     =         no
 
Read_Ctrl_Option> Parameters of Options
  check only      = no
  allow backup    = no
  trjout format   = DCD       
  trjout type     =   COOR+BOX
  trjout atom     = group2
  centering       = yes
  centering atom  = group1
  center_coord    = 0.0 0.0 0.0
  split_trjpdb    = no
  pbc correction  =   MOLECULE
  # of rename res =          0
 
[STEP2] Set Relevant Variables and Structures
 
Read_Psf> Summary of Psffile
  psftype         =      xplor
  num_atoms       =      24552  num_bonds       =      16628
  num_angles      =       9438  num_dihedrals   =       2269
  num_impropers   =        141  num_cmap_terms  =         54
  num_HB_donors   =          0  num_HB_acceptors=          0
  num_NB_exclusion=          0  num_groups      =          1
  total_charge    =      0.000
 
Read_Pdb> Summary of Data in PDB file
  num_atoms       =      24552
 
Define_Molecule> Summary of molecules
  num_atoms       =      24552  num_bonds       =      16628
  num_angles      =       9438  num_dihedrals   =       2269
  num_impropers   =        141  num_cmap_terms  =         54
  num_residues    =       7986  num_molecules   =       7931
  num_segments    =          3  num_deg_freedom =      73656
  total_charge    =      0.000
 
Setup_Option> trj-out atom count:    24552
Setup_Option> centering atom count:       56
Setup_Option> center coordinates:      0.000     0.000     0.000
 
[STEP3] Convert trajectory files
 
       number of structures =  1
       number of structures =  2
       number of structures =  3
       number of structures =  4
       number of structures =  5
       number of structures =  6
       number of structures =  7
       number of structures =  8
       number of structures =  9
       number of structures =  10
       number of structures =  11
       number of structures =  12
       number of structures =  13
       number of structures =  14
       number of structures =  15
       number of structures =  16
       number of structures =  17
       number of structures =  18
       number of structures =  19
       number of structures =  20
       number of structures =  21
       number of structures =  22
       number of structures =  23
       number of structures =  24
       number of structures =  25
       number of structures =  26
       number of structures =  27
       number of structures =  28
       number of structures =  29
       number of structures =  30
       number of structures =  31
       number of structures =  32
       number of structures =  33
       number of structures =  34
       number of structures =  35
       number of structures =  36
       number of structures =  37
       number of structures =  38
       number of structures =  39
       number of structures =  40
       number of structures =  41
       number of structures =  42
       number of structures =  43
       number of structures =  44
       number of structures =  45
       number of structures =  46
       number of structures =  47
       number of structures =  48
       number of structures =  49
       number of structures =  50
       number of structures =  51
       number of structures =  52
       number of structures =  53
       number of structures =  54
       number of structures =  55
       number of structures =  56
       number of structures =  57
       number of structures =  58
       number of structures =  59
       number of structures =  60
       number of structures =  61
       number of structures =  62
       number of structures =  63
       number of structures =  64
       number of structures =  65
       number of structures =  66
       number of structures =  67
       number of structures =  68
       number of structures =  69
       number of structures =  70
       number of structures =  71
       number of structures =  72
       number of structures =  73
       number of structures =  74
       number of structures =  75
       number of structures =  76
       number of structures =  77
       number of structures =  78
       number of structures =  79
       number of structures =  80
       number of structures =  81
       number of structures =  82
       number of structures =  83
       number of structures =  84
       number of structures =  85
       number of structures =  86
       number of structures =  87
       number of structures =  88
       number of structures =  89
       number of structures =  90
       number of structures =  91
       number of structures =  92
       number of structures =  93
       number of structures =  94
       number of structures =  95
       number of structures =  96
       number of structures =  97
       number of structures =  98
       number of structures =  99
       number of structures =  100
       number of structures =  101
       number of structures =  102
       number of structures =  103
       number of structures =  104
       number of structures =  105
       number of structures =  106
       number of structures =  107
       number of structures =  108
       number of structures =  109
       number of structures =  110
       number of structures =  111
       number of structures =  112
       number of structures =  113
       number of structures =  114
       number of structures =  115
       number of structures =  116
       number of structures =  117
       number of structures =  118
       number of structures =  119
       number of structures =  120
       number of structures =  121
       number of structures =  122
       number of structures =  123
       number of structures =  124
       number of structures =  125
       number of structures =  126
       number of structures =  127
       number of structures =  128
       number of structures =  129
       number of structures =  130
       number of structures =  131
       number of structures =  132
       number of structures =  133
       number of structures =  134
       number of structures =  135
       number of structures =  136
       number of structures =  137
       number of structures =  138
       number of structures =  139
       number of structures =  140
       number of structures =  141
       number of structures =  142
       number of structures =  143
       number of structures =  144
       number of structures =  145
       number of structures =  146
       number of structures =  147
       number of structures =  148
       number of structures =  149
       number of structures =  150
       number of structures =  151
       number of structures =  152
       number of structures =  153
       number of structures =  154
       number of structures =  155
       number of structures =  156
       number of structures =  157
       number of structures =  158
       number of structures =  159
       number of structures =  160
       number of structures =  161
       number of structures =  162
       number of structures =  163
       number of structures =  164
       number of structures =  165
       number of structures =  166
       number of structures =  167
       number of structures =  168
       number of structures =  169
       number of structures =  170
       number of structures =  171
       number of structures =  172
       number of structures =  173
       number of structures =  174
       number of structures =  175
       number of structures =  176
       number of structures =  177
       number of structures =  178
       number of structures =  179
       number of structures =  180
       number of structures =  181
       number of structures =  182
       number of structures =  183
       number of structures =  184
       number of structures =  185
       number of structures =  186
       number of structures =  187
       number of structures =  188
       number of structures =  189
       number of structures =  190
       number of structures =  191
       number of structures =  192
       number of structures =  193
       number of structures =  194
       number of structures =  195
       number of structures =  196
       number of structures =  197
       number of structures =  198
       number of structures =  199
       number of structures =  200
       number of structures =  201
       number of structures =  202
       number of structures =  203
       number of structures =  204
       number of structures =  205
       number of structures =  206
       number of structures =  207
       number of structures =  208
       number of structures =  209
       number of structures =  210
       number of structures =  211
       number of structures =  212
       number of structures =  213
       number of structures =  214
       number of structures =  215
       number of structures =  216
       number of structures =  217
       number of structures =  218
       number of structures =  219
       number of structures =  220
       number of structures =  221
       number of structures =  222
       number of structures =  223
       number of structures =  224
       number of structures =  225
       number of structures =  226
       number of structures =  227
       number of structures =  228
       number of structures =  229
       number of structures =  230
       number of structures =  231
       number of structures =  232
       number of structures =  233
       number of structures =  234
       number of structures =  235
       number of structures =  236
       number of structures =  237
       number of structures =  238
       number of structures =  239
       number of structures =  240
       number of structures =  241
       number of structures =  242
       number of structures =  243
       number of structures =  244
       number of structures =  245
       number of structures =  246
       number of structures =  247
       number of structures =  248
       number of structures =  249
       number of structures =  250
[STEP4] Deallocate memory
 
